<?xml version="1.0" encoding="UTF-8"?>
<coverage generated="1743457991103" clover="3.2.0">
  <project timestamp="1743457991103" name="All files">
    <metrics statements="168" coveredstatements="161" conditionals="88" coveredconditionals="75" methods="50" coveredmethods="44" elements="306" coveredelements="280" complexity="0" loc="168" ncloc="168" packages="1" files="6" classes="6"/>
    <file name="course-offering.js" path="/Users/gabbypierce/unitTestingA/src/course-offering.js">
      <metrics statements="25" coveredstatements="25" conditionals="8" coveredconditionals="8" methods="6" coveredmethods="6"/>
      <line num="1" count="5" type="stmt"/>
      <line num="5" count="44" type="stmt"/>
      <line num="6" count="44" type="stmt"/>
      <line num="7" count="44" type="stmt"/>
      <line num="8" count="44" type="stmt"/>
      <line num="9" count="44" type="stmt"/>
      <line num="10" count="44" type="stmt"/>
      <line num="11" count="44" type="stmt"/>
      <line num="15" count="17" type="stmt"/>
      <line num="16" count="18" type="stmt"/>
      <line num="17" count="18" type="stmt"/>
      <line num="22" count="1" type="stmt"/>
      <line num="26" count="14" type="stmt"/>
      <line num="27" count="14" type="cond" truecount="4" falsecount="0"/>
      <line num="29" count="8" type="stmt"/>
      <line num="30" count="8" type="stmt"/>
      <line num="31" count="8" type="stmt"/>
      <line num="36" count="6" type="stmt"/>
      <line num="43" count="18" type="cond" truecount="2" falsecount="0"/>
      <line num="44" count="16" type="stmt"/>
      <line num="46" count="2" type="stmt"/>
      <line num="51" count="20" type="cond" truecount="2" falsecount="0"/>
      <line num="52" count="2" type="stmt"/>
      <line num="54" count="18" type="stmt"/>
      <line num="60" count="5" type="stmt"/>
    </file>
    <file name="course.js" path="/Users/gabbypierce/unitTestingA/src/course.js">
      <metrics statements="6" coveredstatements="6" conditionals="0" coveredconditionals="0" methods="2" coveredmethods="2"/>
      <line num="3" count="50" type="stmt"/>
      <line num="4" count="50" type="stmt"/>
      <line num="5" count="50" type="stmt"/>
      <line num="6" count="50" type="stmt"/>
      <line num="11" count="5" type="stmt"/>
      <line num="15" count="6" type="stmt"/>
    </file>
    <file name="institution.js" path="/Users/gabbypierce/unitTestingA/src/institution.js">
      <metrics statements="83" coveredstatements="77" conditionals="60" coveredconditionals="48" methods="19" coveredmethods="16"/>
      <line num="1" count="5" type="stmt"/>
      <line num="2" count="5" type="stmt"/>
      <line num="3" count="5" type="stmt"/>
      <line num="4" count="5" type="stmt"/>
      <line num="8" count="52" type="stmt"/>
      <line num="9" count="52" type="stmt"/>
      <line num="10" count="52" type="stmt"/>
      <line num="11" count="52" type="stmt"/>
      <line num="12" count="52" type="stmt"/>
      <line num="13" count="52" type="stmt"/>
      <line num="17" count="1" type="stmt"/>
      <line num="18" count="2" type="stmt"/>
      <line num="19" count="1" type="stmt"/>
      <line num="20" count="2" type="stmt"/>
      <line num="21" count="1" type="stmt"/>
      <line num="25" count="6" type="cond" truecount="2" falsecount="0"/>
      <line num="26" count="5" type="cond" truecount="1" falsecount="1"/>
      <line num="27" count="0" type="stmt"/>
      <line num="29" count="5" type="stmt"/>
      <line num="32" count="1" type="stmt"/>
      <line num="37" count="3" type="stmt"/>
      <line num="38" count="3" type="cond" truecount="1" falsecount="1"/>
      <line num="40" count="3" type="stmt"/>
      <line num="41" count="3" type="cond" truecount="1" falsecount="1"/>
      <line num="48" count="3" type="cond" truecount="1" falsecount="1"/>
      <line num="49" count="3" type="cond" truecount="2" falsecount="0"/>
      <line num="50" count="1" type="stmt"/>
      <line num="52" count="2" type="stmt"/>
      <line num="60" count="1" type="stmt"/>
      <line num="61" count="2" type="stmt"/>
      <line num="62" count="1" type="stmt"/>
      <line num="63" count="2" type="stmt"/>
      <line num="64" count="1" type="stmt"/>
      <line num="68" count="8" type="cond" truecount="2" falsecount="0"/>
      <line num="69" count="7" type="cond" truecount="2" falsecount="0"/>
      <line num="70" count="1" type="stmt"/>
      <line num="72" count="6" type="stmt"/>
      <line num="75" count="1" type="stmt"/>
      <line num="80" count="4" type="stmt"/>
      <line num="81" count="4" type="cond" truecount="2" falsecount="0"/>
      <line num="82" count="2" type="stmt"/>
      <line num="83" count="2" type="stmt"/>
      <line num="86" count="2" type="stmt"/>
      <line num="87" count="2" type="cond" truecount="1" falsecount="1"/>
      <line num="94" count="2" type="cond" truecount="2" falsecount="0"/>
      <line num="95" count="1" type="stmt"/>
      <line num="97" count="1" type="stmt"/>
      <line num="98" count="1" type="stmt"/>
      <line num="99" count="1" type="stmt"/>
      <line num="101" count="2" type="stmt"/>
      <line num="105" count="0" type="stmt"/>
      <line num="109" count="1" type="stmt"/>
      <line num="110" count="1" type="stmt"/>
      <line num="111" count="2" type="stmt"/>
      <line num="113" count="1" type="stmt"/>
      <line num="117" count="2" type="stmt"/>
      <line num="119" count="2" type="cond" truecount="2" falsecount="0"/>
      <line num="121" count="2" type="stmt"/>
      <line num="122" count="0" type="stmt"/>
      <line num="123" count="0" type="cond" truecount="0" falsecount="4"/>
      <line num="127" count="0" type="stmt"/>
      <line num="130" count="2" type="cond" truecount="1" falsecount="1"/>
      <line num="131" count="0" type="stmt"/>
      <line num="133" count="2" type="stmt"/>
      <line num="138" count="1" type="stmt"/>
      <line num="139" count="1" type="cond" truecount="1" falsecount="1"/>
      <line num="141" count="1" type="stmt"/>
      <line num="142" count="1" type="cond" truecount="1" falsecount="1"/>
      <line num="149" count="1" type="stmt"/>
      <line num="150" count="1" type="stmt"/>
      <line num="151" count="1" type="stmt"/>
      <line num="158" count="12" type="cond" truecount="2" falsecount="0"/>
      <line num="159" count="11" type="cond" truecount="2" falsecount="0"/>
      <line num="160" count="2" type="stmt"/>
      <line num="162" count="9" type="stmt"/>
      <line num="165" count="1" type="stmt"/>
      <line num="170" count="7" type="cond" truecount="2" falsecount="0"/>
      <line num="171" count="6" type="cond" truecount="2" falsecount="0"/>
      <line num="172" count="5" type="stmt"/>
      <line num="174" count="5" type="stmt"/>
      <line num="176" count="1" type="stmt"/>
      <line num="179" count="1" type="stmt"/>
      <line num="184" count="5" type="stmt"/>
    </file>
    <file name="instructor.js" path="/Users/gabbypierce/unitTestingA/src/instructor.js">
      <metrics statements="19" coveredstatements="19" conditionals="12" coveredconditionals="12" methods="14" coveredmethods="11"/>
      <line num="1" count="5" type="stmt"/>
      <line num="5" count="38" type="stmt"/>
      <line num="7" count="38" type="stmt"/>
      <line num="11" count="6" type="cond" truecount="4" falsecount="0"/>
      <line num="12" count="3" type="cond" truecount="2" falsecount="0"/>
      <line num="13" count="2" type="stmt"/>
      <line num="14" count="2" type="stmt"/>
      <line num="15" count="4" type="cond" truecount="2" falsecount="0"/>
      <line num="16" count="2" type="stmt"/>
      <line num="17" count="1" type="stmt"/>
      <line num="18" count="1" type="stmt"/>
      <line num="19" count="3" type="cond" truecount="2" falsecount="0"/>
      <line num="20" count="2" type="stmt"/>
      <line num="21" count="1" type="stmt"/>
      <line num="22" count="1" type="stmt"/>
      <line num="24" count="2" type="stmt"/>
      <line num="25" count="3" type="stmt"/>
      <line num="30" count="1" type="stmt"/>
      <line num="37" count="5" type="stmt"/>
    </file>
    <file name="person.js" path="/Users/gabbypierce/unitTestingA/src/person.js">
      <metrics statements="9" coveredstatements="9" conditionals="0" coveredconditionals="0" methods="3" coveredmethods="3"/>
      <line num="3" count="72" type="stmt"/>
      <line num="4" count="72" type="stmt"/>
      <line num="5" count="72" type="stmt"/>
      <line num="6" count="72" type="stmt"/>
      <line num="7" count="72" type="stmt"/>
      <line num="8" count="72" type="stmt"/>
      <line num="12" count="4" type="stmt"/>
      <line num="16" count="1" type="stmt"/>
      <line num="24" count="5" type="stmt"/>
    </file>
    <file name="student.js" path="/Users/gabbypierce/unitTestingA/src/student.js">
      <metrics statements="26" coveredstatements="25" conditionals="8" coveredconditionals="7" methods="6" coveredmethods="6"/>
      <line num="1" count="5" type="stmt"/>
      <line num="5" count="30" type="stmt"/>
      <line num="6" count="30" type="stmt"/>
      <line num="7" count="30" type="stmt"/>
      <line num="11" count="2" type="stmt"/>
      <line num="13" count="1" type="stmt"/>
      <line num="14" count="1" type="stmt"/>
      <line num="16" count="1" type="stmt"/>
      <line num="17" count="1" type="cond" truecount="1" falsecount="1"/>
      <line num="18" count="0" type="stmt"/>
      <line num="21" count="2" type="stmt"/>
      <line num="25" count="5" type="stmt"/>
      <line num="26" count="5" type="stmt"/>
      <line num="27" count="2" type="stmt"/>
      <line num="29" count="5" type="stmt"/>
      <line num="33" count="10" type="stmt"/>
      <line num="34" count="10" type="stmt"/>
      <line num="36" count="10" type="stmt"/>
      <line num="52" count="10" type="stmt"/>
      <line num="53" count="15" type="stmt"/>
      <line num="54" count="15" type="cond" truecount="4" falsecount="0"/>
      <line num="55" count="10" type="stmt"/>
      <line num="56" count="10" type="stmt"/>
      <line num="60" count="10" type="cond" truecount="2" falsecount="0"/>
      <line num="64" count="3" type="stmt"/>
      <line num="74" count="5" type="stmt"/>
    </file>
  </project>
</coverage>
