{"/Users/gabbypierce/unitTestingA/src/course-offering.js": {"path":"/Users/gabbypierce/unitTestingA/src/course-offering.js","statementMap":{"0":{"start":{"line":1,"column":16},"end":{"line":1,"column":39}},"1":{"start":{"line":5,"column":4},"end":{"line":5,"column":24}},"2":{"start":{"line":6,"column":4},"end":{"line":6,"column":38}},"3":{"start":{"line":7,"column":4},"end":{"line":7,"column":26}},"4":{"start":{"line":8,"column":4},"end":{"line":8,"column":20}},"5":{"start":{"line":9,"column":4},"end":{"line":9,"column":26}},"6":{"start":{"line":10,"column":4},"end":{"line":10,"column":32}},"7":{"start":{"line":11,"column":4},"end":{"line":11,"column":20}},"8":{"start":{"line":15,"column":4},"end":{"line":18,"column":5}},"9":{"start":{"line":16,"column":6},"end":{"line":16,"column":43}},"10":{"start":{"line":17,"column":6},"end":{"line":17,"column":35}},"11":{"start":{"line":22,"column":4},"end":{"line":22,"column":34}},"12":{"start":{"line":26,"column":24},"end":{"line":26,"column":97}},"13":{"start":{"line":27,"column":4},"end":{"line":37,"column":5}},"14":{"start":{"line":29,"column":6},"end":{"line":29,"column":43}},"15":{"start":{"line":30,"column":18},"end":{"line":30,"column":33}},"16":{"start":{"line":31,"column":6},"end":{"line":31,"column":37}},"17":{"start":{"line":36,"column":6},"end":{"line":36,"column":41}},"18":{"start":{"line":43,"column":4},"end":{"line":47,"column":5}},"19":{"start":{"line":44,"column":6},"end":{"line":44,"column":42}},"20":{"start":{"line":46,"column":6},"end":{"line":46,"column":33}},"21":{"start":{"line":51,"column":4},"end":{"line":55,"column":5}},"22":{"start":{"line":52,"column":6},"end":{"line":52,"column":194}},"23":{"start":{"line":54,"column":6},"end":{"line":54,"column":136}},"24":{"start":{"line":60,"column":0},"end":{"line":60,"column":31}}},"fnMap":{"0":{"name":"(anonymous_0)","decl":{"start":{"line":4,"column":2},"end":{"line":4,"column":3}},"loc":{"start":{"line":4,"column":53},"end":{"line":12,"column":3}},"line":4},"1":{"name":"(anonymous_1)","decl":{"start":{"line":14,"column":2},"end":{"line":14,"column":3}},"loc":{"start":{"line":14,"column":31},"end":{"line":19,"column":3}},"line":14},"2":{"name":"(anonymous_2)","decl":{"start":{"line":21,"column":2},"end":{"line":21,"column":3}},"loc":{"start":{"line":21,"column":18},"end":{"line":23,"column":3}},"line":21},"3":{"name":"(anonymous_3)","decl":{"start":{"line":25,"column":2},"end":{"line":25,"column":3}},"loc":{"start":{"line":25,"column":32},"end":{"line":38,"column":3}},"line":25},"4":{"name":"(anonymous_4)","decl":{"start":{"line":42,"column":2},"end":{"line":42,"column":3}},"loc":{"start":{"line":42,"column":22},"end":{"line":48,"column":3}},"line":42},"5":{"name":"(anonymous_5)","decl":{"start":{"line":50,"column":2},"end":{"line":50,"column":3}},"loc":{"start":{"line":50,"column":14},"end":{"line":56,"column":3}},"line":50}},"branchMap":{"0":{"loc":{"start":{"line":27,"column":4},"end":{"line":37,"column":5}},"type":"if","locations":[{"start":{"line":27,"column":4},"end":{"line":37,"column":5}},{"start":{"line":35,"column":11},"end":{"line":37,"column":5}}],"line":27},"1":{"loc":{"start":{"line":27,"column":8},"end":{"line":27,"column":65}},"type":"binary-expr","locations":[{"start":{"line":27,"column":8},"end":{"line":27,"column":34}},{"start":{"line":27,"column":38},"end":{"line":27,"column":65}}],"line":27},"2":{"loc":{"start":{"line":43,"column":4},"end":{"line":47,"column":5}},"type":"if","locations":[{"start":{"line":43,"column":4},"end":{"line":47,"column":5}},{"start":{"line":45,"column":11},"end":{"line":47,"column":5}}],"line":43},"3":{"loc":{"start":{"line":51,"column":4},"end":{"line":55,"column":5}},"type":"if","locations":[{"start":{"line":51,"column":4},"end":{"line":55,"column":5}},{"start":{"line":53,"column":11},"end":{"line":55,"column":5}}],"line":51}},"s":{"0":5,"1":44,"2":44,"3":44,"4":44,"5":44,"6":44,"7":44,"8":17,"9":18,"10":18,"11":1,"12":14,"13":14,"14":8,"15":8,"16":8,"17":6,"18":18,"19":16,"20":2,"21":20,"22":2,"23":18,"24":5},"f":{"0":44,"1":17,"2":1,"3":14,"4":18,"5":20},"b":{"0":[8,6],"1":[14,10],"2":[16,2],"3":[2,18]},"_coverageSchema":"1a1c01bbd47fc00a2c39e90264f33305004495a9","hash":"2062f597b060761d27fa9a3444bc99e9c42f1989"}
,"/Users/gabbypierce/unitTestingA/src/course.js": {"path":"/Users/gabbypierce/unitTestingA/src/course.js","statementMap":{"0":{"start":{"line":3,"column":4},"end":{"line":3,"column":32}},"1":{"start":{"line":4,"column":4},"end":{"line":4,"column":24}},"2":{"start":{"line":5,"column":4},"end":{"line":5,"column":20}},"3":{"start":{"line":6,"column":4},"end":{"line":6,"column":26}},"4":{"start":{"line":11,"column":4},"end":{"line":11,"column":86}},"5":{"start":{"line":15,"column":0},"end":{"line":15,"column":23}}},"fnMap":{"0":{"name":"(anonymous_0)","decl":{"start":{"line":2,"column":2},"end":{"line":2,"column":3}},"loc":{"start":{"line":2,"column":50},"end":{"line":7,"column":3}},"line":2},"1":{"name":"(anonymous_1)","decl":{"start":{"line":9,"column":2},"end":{"line":9,"column":3}},"loc":{"start":{"line":9,"column":14},"end":{"line":12,"column":3}},"line":9}},"branchMap":{},"s":{"0":50,"1":50,"2":50,"3":50,"4":5,"5":6},"f":{"0":50,"1":5},"b":{},"_coverageSchema":"1a1c01bbd47fc00a2c39e90264f33305004495a9","hash":"6d6e652da34ed065ce7064adf2c07cf55dab9681"}
,"/Users/gabbypierce/unitTestingA/src/institution.js": {"path":"/Users/gabbypierce/unitTestingA/src/institution.js","statementMap":{"0":{"start":{"line":1,"column":15},"end":{"line":1,"column":37}},"1":{"start":{"line":2,"column":16},"end":{"line":2,"column":39}},"2":{"start":{"line":3,"column":23},"end":{"line":3,"column":54}},"3":{"start":{"line":4,"column":19},"end":{"line":4,"column":45}},"4":{"start":{"line":8,"column":4},"end":{"line":8,"column":21}},"5":{"start":{"line":9,"column":4},"end":{"line":9,"column":25}},"6":{"start":{"line":10,"column":4},"end":{"line":10,"column":26}},"7":{"start":{"line":11,"column":4},"end":{"line":11,"column":28}},"8":{"start":{"line":12,"column":4},"end":{"line":12,"column":29}},"9":{"start":{"line":13,"column":4},"end":{"line":13,"column":26}},"10":{"start":{"line":17,"column":4},"end":{"line":17,"column":99}},"11":{"start":{"line":18,"column":24},"end":{"line":18,"column":115}},"12":{"start":{"line":18,"column":71},"end":{"line":18,"column":114}},"13":{"start":{"line":19,"column":30},"end":{"line":19,"column":48}},"14":{"start":{"line":20,"column":4},"end":{"line":20,"column":63}},"15":{"start":{"line":20,"column":41},"end":{"line":20,"column":61}},"16":{"start":{"line":21,"column":4},"end":{"line":21,"column":22}},"17":{"start":{"line":25,"column":4},"end":{"line":33,"column":5}},"18":{"start":{"line":26,"column":6},"end":{"line":30,"column":7}},"19":{"start":{"line":27,"column":8},"end":{"line":27,"column":85}},"20":{"start":{"line":29,"column":8},"end":{"line":29,"column":53}},"21":{"start":{"line":32,"column":6},"end":{"line":32,"column":57}},"22":{"start":{"line":37,"column":22},"end":{"line":37,"column":53}},"23":{"start":{"line":38,"column":4},"end":{"line":38,"column":27}},"24":{"start":{"line":38,"column":20},"end":{"line":38,"column":27}},"25":{"start":{"line":40,"column":4},"end":{"line":56,"column":5}},"26":{"start":{"line":41,"column":6},"end":{"line":55,"column":7}},"27":{"start":{"line":48,"column":8},"end":{"line":54,"column":9}},"28":{"start":{"line":49,"column":10},"end":{"line":53,"column":11}},"29":{"start":{"line":50,"column":12},"end":{"line":50,"column":103}},"30":{"start":{"line":52,"column":12},"end":{"line":52,"column":50}},"31":{"start":{"line":60,"column":4},"end":{"line":60,"column":97}},"32":{"start":{"line":61,"column":24},"end":{"line":61,"column":124}},"33":{"start":{"line":61,"column":74},"end":{"line":61,"column":123}},"34":{"start":{"line":62,"column":30},"end":{"line":62,"column":48}},"35":{"start":{"line":63,"column":4},"end":{"line":63,"column":69}},"36":{"start":{"line":63,"column":44},"end":{"line":63,"column":67}},"37":{"start":{"line":64,"column":4},"end":{"line":64,"column":22}},"38":{"start":{"line":68,"column":4},"end":{"line":76,"column":5}},"39":{"start":{"line":69,"column":6},"end":{"line":73,"column":7}},"40":{"start":{"line":70,"column":8},"end":{"line":70,"column":105}},"41":{"start":{"line":72,"column":8},"end":{"line":72,"column":59}},"42":{"start":{"line":75,"column":6},"end":{"line":75,"column":60}},"43":{"start":{"line":80,"column":22},"end":{"line":80,"column":53}},"44":{"start":{"line":81,"column":4},"end":{"line":84,"column":5}},"45":{"start":{"line":82,"column":6},"end":{"line":82,"column":83}},"46":{"start":{"line":83,"column":6},"end":{"line":83,"column":13}},"47":{"start":{"line":86,"column":4},"end":{"line":103,"column":5}},"48":{"start":{"line":87,"column":6},"end":{"line":102,"column":7}},"49":{"start":{"line":94,"column":8},"end":{"line":100,"column":9}},"50":{"start":{"line":95,"column":10},"end":{"line":95,"column":104}},"51":{"start":{"line":97,"column":10},"end":{"line":97,"column":43}},"52":{"start":{"line":98,"column":10},"end":{"line":98,"column":48}},"53":{"start":{"line":99,"column":10},"end":{"line":99,"column":111}},"54":{"start":{"line":101,"column":8},"end":{"line":101,"column":15}},"55":{"start":{"line":105,"column":4},"end":{"line":105,"column":55}},"56":{"start":{"line":109,"column":4},"end":{"line":109,"column":93}},"57":{"start":{"line":110,"column":4},"end":{"line":112,"column":5}},"58":{"start":{"line":111,"column":6},"end":{"line":111,"column":37}},"59":{"start":{"line":113,"column":4},"end":{"line":113,"column":22}},"60":{"start":{"line":117,"column":21},"end":{"line":117,"column":23}},"61":{"start":{"line":119,"column":4},"end":{"line":119,"column":126}},"62":{"start":{"line":121,"column":4},"end":{"line":128,"column":5}},"63":{"start":{"line":122,"column":23},"end":{"line":126,"column":7}},"64":{"start":{"line":123,"column":8},"end":{"line":125,"column":54}},"65":{"start":{"line":127,"column":6},"end":{"line":127,"column":63}},"66":{"start":{"line":127,"column":31},"end":{"line":127,"column":61}},"67":{"start":{"line":130,"column":4},"end":{"line":134,"column":5}},"68":{"start":{"line":131,"column":6},"end":{"line":131,"column":50}},"69":{"start":{"line":131,"column":31},"end":{"line":131,"column":48}},"70":{"start":{"line":133,"column":6},"end":{"line":133,"column":55}},"71":{"start":{"line":138,"column":22},"end":{"line":138,"column":53}},"72":{"start":{"line":139,"column":4},"end":{"line":139,"column":27}},"73":{"start":{"line":139,"column":20},"end":{"line":139,"column":27}},"74":{"start":{"line":141,"column":4},"end":{"line":154,"column":5}},"75":{"start":{"line":142,"column":6},"end":{"line":153,"column":7}},"76":{"start":{"line":149,"column":8},"end":{"line":149,"column":124}},"77":{"start":{"line":150,"column":8},"end":{"line":152,"column":9}},"78":{"start":{"line":151,"column":10},"end":{"line":151,"column":67}},"79":{"start":{"line":158,"column":4},"end":{"line":166,"column":5}},"80":{"start":{"line":159,"column":6},"end":{"line":163,"column":7}},"81":{"start":{"line":160,"column":8},"end":{"line":160,"column":47}},"82":{"start":{"line":162,"column":8},"end":{"line":162,"column":49}},"83":{"start":{"line":165,"column":6},"end":{"line":165,"column":68}},"84":{"start":{"line":170,"column":4},"end":{"line":180,"column":5}},"85":{"start":{"line":171,"column":6},"end":{"line":177,"column":7}},"86":{"start":{"line":172,"column":8},"end":{"line":173,"column":64}},"87":{"start":{"line":174,"column":8},"end":{"line":174,"column":77}},"88":{"start":{"line":176,"column":8},"end":{"line":176,"column":72}},"89":{"start":{"line":179,"column":6},"end":{"line":179,"column":70}},"90":{"start":{"line":184,"column":0},"end":{"line":184,"column":29}}},"fnMap":{"0":{"name":"(anonymous_0)","decl":{"start":{"line":7,"column":2},"end":{"line":7,"column":3}},"loc":{"start":{"line":7,"column":28},"end":{"line":14,"column":3}},"line":7},"1":{"name":"(anonymous_1)","decl":{"start":{"line":16,"column":2},"end":{"line":16,"column":3}},"loc":{"start":{"line":16,"column":17},"end":{"line":22,"column":3}},"line":16},"2":{"name":"(anonymous_2)","decl":{"start":{"line":18,"column":60},"end":{"line":18,"column":61}},"loc":{"start":{"line":18,"column":71},"end":{"line":18,"column":114}},"line":18},"3":{"name":"(anonymous_3)","decl":{"start":{"line":20,"column":30},"end":{"line":20,"column":31}},"loc":{"start":{"line":20,"column":41},"end":{"line":20,"column":61}},"line":20},"4":{"name":"(anonymous_4)","decl":{"start":{"line":24,"column":2},"end":{"line":24,"column":3}},"loc":{"start":{"line":24,"column":26},"end":{"line":34,"column":3}},"line":24},"5":{"name":"(anonymous_5)","decl":{"start":{"line":36,"column":2},"end":{"line":36,"column":3}},"loc":{"start":{"line":36,"column":95},"end":{"line":57,"column":3}},"line":36},"6":{"name":"(anonymous_6)","decl":{"start":{"line":59,"column":2},"end":{"line":59,"column":3}},"loc":{"start":{"line":59,"column":21},"end":{"line":65,"column":3}},"line":59},"7":{"name":"(anonymous_7)","decl":{"start":{"line":61,"column":60},"end":{"line":61,"column":61}},"loc":{"start":{"line":61,"column":74},"end":{"line":61,"column":123}},"line":61},"8":{"name":"(anonymous_8)","decl":{"start":{"line":63,"column":30},"end":{"line":63,"column":31}},"loc":{"start":{"line":63,"column":44},"end":{"line":63,"column":67}},"line":63},"9":{"name":"(anonymous_9)","decl":{"start":{"line":67,"column":2},"end":{"line":67,"column":3}},"loc":{"start":{"line":67,"column":30},"end":{"line":77,"column":3}},"line":67},"10":{"name":"(anonymous_10)","decl":{"start":{"line":79,"column":2},"end":{"line":79,"column":3}},"loc":{"start":{"line":79,"column":88},"end":{"line":106,"column":3}},"line":79},"11":{"name":"(anonymous_11)","decl":{"start":{"line":108,"column":2},"end":{"line":108,"column":3}},"loc":{"start":{"line":108,"column":24},"end":{"line":114,"column":3}},"line":108},"12":{"name":"(anonymous_12)","decl":{"start":{"line":116,"column":2},"end":{"line":116,"column":3}},"loc":{"start":{"line":116,"column":51},"end":{"line":135,"column":3}},"line":116},"13":{"name":"(anonymous_13)","decl":{"start":{"line":122,"column":40},"end":{"line":122,"column":41}},"loc":{"start":{"line":123,"column":8},"end":{"line":125,"column":54}},"line":123},"14":{"name":"(anonymous_14)","decl":{"start":{"line":127,"column":23},"end":{"line":127,"column":24}},"loc":{"start":{"line":127,"column":31},"end":{"line":127,"column":61}},"line":127},"15":{"name":"(anonymous_15)","decl":{"start":{"line":131,"column":23},"end":{"line":131,"column":24}},"loc":{"start":{"line":131,"column":31},"end":{"line":131,"column":48}},"line":131},"16":{"name":"(anonymous_16)","decl":{"start":{"line":137,"column":2},"end":{"line":137,"column":3}},"loc":{"start":{"line":137,"column":83},"end":{"line":155,"column":3}},"line":137},"17":{"name":"(anonymous_17)","decl":{"start":{"line":157,"column":2},"end":{"line":157,"column":3}},"loc":{"start":{"line":157,"column":21},"end":{"line":167,"column":3}},"line":157},"18":{"name":"(anonymous_18)","decl":{"start":{"line":169,"column":2},"end":{"line":169,"column":3}},"loc":{"start":{"line":169,"column":38},"end":{"line":181,"column":3}},"line":169}},"branchMap":{"0":{"loc":{"start":{"line":25,"column":4},"end":{"line":33,"column":5}},"type":"if","locations":[{"start":{"line":25,"column":4},"end":{"line":33,"column":5}},{"start":{"line":31,"column":11},"end":{"line":33,"column":5}}],"line":25},"1":{"loc":{"start":{"line":26,"column":6},"end":{"line":30,"column":7}},"type":"if","locations":[{"start":{"line":26,"column":6},"end":{"line":30,"column":7}},{"start":{"line":28,"column":13},"end":{"line":30,"column":7}}],"line":26},"2":{"loc":{"start":{"line":38,"column":4},"end":{"line":38,"column":27}},"type":"if","locations":[{"start":{"line":38,"column":4},"end":{"line":38,"column":27}},{"start":{},"end":{}}],"line":38},"3":{"loc":{"start":{"line":41,"column":6},"end":{"line":55,"column":7}},"type":"if","locations":[{"start":{"line":41,"column":6},"end":{"line":55,"column":7}},{"start":{},"end":{}}],"line":41},"4":{"loc":{"start":{"line":42,"column":8},"end":{"line":46,"column":48}},"type":"binary-expr","locations":[{"start":{"line":42,"column":8},"end":{"line":42,"column":43}},{"start":{"line":43,"column":8},"end":{"line":43,"column":41}},{"start":{"line":44,"column":8},"end":{"line":44,"column":30}},{"start":{"line":45,"column":8},"end":{"line":45,"column":36}},{"start":{"line":46,"column":8},"end":{"line":46,"column":48}}],"line":42},"5":{"loc":{"start":{"line":48,"column":8},"end":{"line":54,"column":9}},"type":"if","locations":[{"start":{"line":48,"column":8},"end":{"line":54,"column":9}},{"start":{},"end":{}}],"line":48},"6":{"loc":{"start":{"line":49,"column":10},"end":{"line":53,"column":11}},"type":"if","locations":[{"start":{"line":49,"column":10},"end":{"line":53,"column":11}},{"start":{"line":51,"column":17},"end":{"line":53,"column":11}}],"line":49},"7":{"loc":{"start":{"line":68,"column":4},"end":{"line":76,"column":5}},"type":"if","locations":[{"start":{"line":68,"column":4},"end":{"line":76,"column":5}},{"start":{"line":74,"column":11},"end":{"line":76,"column":5}}],"line":68},"8":{"loc":{"start":{"line":69,"column":6},"end":{"line":73,"column":7}},"type":"if","locations":[{"start":{"line":69,"column":6},"end":{"line":73,"column":7}},{"start":{"line":71,"column":13},"end":{"line":73,"column":7}}],"line":69},"9":{"loc":{"start":{"line":81,"column":4},"end":{"line":84,"column":5}},"type":"if","locations":[{"start":{"line":81,"column":4},"end":{"line":84,"column":5}},{"start":{},"end":{}}],"line":81},"10":{"loc":{"start":{"line":87,"column":6},"end":{"line":102,"column":7}},"type":"if","locations":[{"start":{"line":87,"column":6},"end":{"line":102,"column":7}},{"start":{},"end":{}}],"line":87},"11":{"loc":{"start":{"line":88,"column":8},"end":{"line":92,"column":48}},"type":"binary-expr","locations":[{"start":{"line":88,"column":8},"end":{"line":88,"column":43}},{"start":{"line":89,"column":8},"end":{"line":89,"column":41}},{"start":{"line":90,"column":8},"end":{"line":90,"column":30}},{"start":{"line":91,"column":8},"end":{"line":91,"column":36}},{"start":{"line":92,"column":8},"end":{"line":92,"column":48}}],"line":88},"12":{"loc":{"start":{"line":94,"column":8},"end":{"line":100,"column":9}},"type":"if","locations":[{"start":{"line":94,"column":8},"end":{"line":100,"column":9}},{"start":{"line":96,"column":15},"end":{"line":100,"column":9}}],"line":94},"13":{"loc":{"start":{"line":116,"column":38},"end":{"line":116,"column":49}},"type":"default-arg","locations":[{"start":{"line":116,"column":45},"end":{"line":116,"column":49}}],"line":116},"14":{"loc":{"start":{"line":119,"column":38},"end":{"line":119,"column":61}},"type":"cond-expr","locations":[{"start":{"line":119,"column":45},"end":{"line":119,"column":56}},{"start":{"line":119,"column":59},"end":{"line":119,"column":61}}],"line":119},"15":{"loc":{"start":{"line":123,"column":8},"end":{"line":125,"column":54}},"type":"binary-expr","locations":[{"start":{"line":123,"column":8},"end":{"line":123,"column":30}},{"start":{"line":124,"column":8},"end":{"line":124,"column":36}},{"start":{"line":125,"column":9},"end":{"line":125,"column":14}},{"start":{"line":125,"column":18},"end":{"line":125,"column":53}}],"line":123},"16":{"loc":{"start":{"line":130,"column":4},"end":{"line":134,"column":5}},"type":"if","locations":[{"start":{"line":130,"column":4},"end":{"line":134,"column":5}},{"start":{"line":132,"column":11},"end":{"line":134,"column":5}}],"line":130},"17":{"loc":{"start":{"line":139,"column":4},"end":{"line":139,"column":27}},"type":"if","locations":[{"start":{"line":139,"column":4},"end":{"line":139,"column":27}},{"start":{},"end":{}}],"line":139},"18":{"loc":{"start":{"line":142,"column":6},"end":{"line":153,"column":7}},"type":"if","locations":[{"start":{"line":142,"column":6},"end":{"line":153,"column":7}},{"start":{},"end":{}}],"line":142},"19":{"loc":{"start":{"line":143,"column":8},"end":{"line":147,"column":48}},"type":"binary-expr","locations":[{"start":{"line":143,"column":8},"end":{"line":143,"column":43}},{"start":{"line":144,"column":8},"end":{"line":144,"column":41}},{"start":{"line":145,"column":8},"end":{"line":145,"column":30}},{"start":{"line":146,"column":8},"end":{"line":146,"column":36}},{"start":{"line":147,"column":8},"end":{"line":147,"column":48}}],"line":143},"20":{"loc":{"start":{"line":158,"column":4},"end":{"line":166,"column":5}},"type":"if","locations":[{"start":{"line":158,"column":4},"end":{"line":166,"column":5}},{"start":{"line":164,"column":11},"end":{"line":166,"column":5}}],"line":158},"21":{"loc":{"start":{"line":159,"column":6},"end":{"line":163,"column":7}},"type":"if","locations":[{"start":{"line":159,"column":6},"end":{"line":163,"column":7}},{"start":{"line":161,"column":13},"end":{"line":163,"column":7}}],"line":159},"22":{"loc":{"start":{"line":170,"column":4},"end":{"line":180,"column":5}},"type":"if","locations":[{"start":{"line":170,"column":4},"end":{"line":180,"column":5}},{"start":{"line":178,"column":11},"end":{"line":180,"column":5}}],"line":170},"23":{"loc":{"start":{"line":171,"column":6},"end":{"line":177,"column":7}},"type":"if","locations":[{"start":{"line":171,"column":6},"end":{"line":177,"column":7}},{"start":{"line":175,"column":13},"end":{"line":177,"column":7}}],"line":171},"24":{"loc":{"start":{"line":173,"column":10},"end":{"line":173,"column":63}},"type":"binary-expr","locations":[{"start":{"line":173,"column":10},"end":{"line":173,"column":57}},{"start":{"line":173,"column":61},"end":{"line":173,"column":63}}],"line":173}},"s":{"0":5,"1":5,"2":5,"3":5,"4":52,"5":52,"6":52,"7":52,"8":52,"9":52,"10":1,"11":1,"12":2,"13":1,"14":1,"15":2,"16":1,"17":6,"18":5,"19":0,"20":5,"21":1,"22":3,"23":3,"24":0,"25":3,"26":3,"27":3,"28":3,"29":1,"30":2,"31":1,"32":1,"33":2,"34":1,"35":1,"36":2,"37":1,"38":8,"39":7,"40":1,"41":6,"42":1,"43":4,"44":4,"45":2,"46":2,"47":2,"48":2,"49":2,"50":1,"51":1,"52":1,"53":1,"54":2,"55":0,"56":1,"57":1,"58":2,"59":1,"60":2,"61":2,"62":2,"63":0,"64":0,"65":0,"66":0,"67":2,"68":0,"69":0,"70":2,"71":1,"72":1,"73":0,"74":1,"75":1,"76":1,"77":1,"78":1,"79":12,"80":11,"81":2,"82":9,"83":1,"84":7,"85":6,"86":5,"87":5,"88":1,"89":1,"90":5},"f":{"0":52,"1":1,"2":2,"3":2,"4":6,"5":3,"6":1,"7":2,"8":2,"9":8,"10":4,"11":1,"12":2,"13":0,"14":0,"15":0,"16":1,"17":12,"18":7},"b":{"0":[5,1],"1":[0,5],"2":[0,3],"3":[3,0],"4":[3,3,3,3,3],"5":[3,0],"6":[1,2],"7":[7,1],"8":[1,6],"9":[2,2],"10":[2,0],"11":[2,2,2,2,2],"12":[1,1],"13":[1],"14":[1,1],"15":[0,0,0,0],"16":[0,2],"17":[0,1],"18":[1,0],"19":[1,1,1,1,1],"20":[11,1],"21":[2,9],"22":[6,1],"23":[5,1],"24":[5,5]},"_coverageSchema":"1a1c01bbd47fc00a2c39e90264f33305004495a9","hash":"23936fe0bd695c5dac3f74285d5d02f8ef6de81f"}
,"/Users/gabbypierce/unitTestingA/src/instructor.js": {"path":"/Users/gabbypierce/unitTestingA/src/instructor.js","statementMap":{"0":{"start":{"line":1,"column":15},"end":{"line":1,"column":37}},"1":{"start":{"line":5,"column":4},"end":{"line":5,"column":75}},"2":{"start":{"line":7,"column":4},"end":{"line":7,"column":25}},"3":{"start":{"line":11,"column":4},"end":{"line":26,"column":5}},"4":{"start":{"line":12,"column":23},"end":{"line":12,"column":108}},"5":{"start":{"line":12,"column":57},"end":{"line":12,"column":107}},"6":{"start":{"line":13,"column":21},"end":{"line":13,"column":103}},"7":{"start":{"line":13,"column":45},"end":{"line":13,"column":102}},"8":{"start":{"line":14,"column":6},"end":{"line":14,"column":52}},"9":{"start":{"line":14,"column":34},"end":{"line":14,"column":51}},"10":{"start":{"line":15,"column":11},"end":{"line":26,"column":5}},"11":{"start":{"line":16,"column":23},"end":{"line":16,"column":78}},"12":{"start":{"line":16,"column":57},"end":{"line":16,"column":77}},"13":{"start":{"line":17,"column":21},"end":{"line":17,"column":103}},"14":{"start":{"line":17,"column":45},"end":{"line":17,"column":102}},"15":{"start":{"line":18,"column":6},"end":{"line":18,"column":52}},"16":{"start":{"line":18,"column":34},"end":{"line":18,"column":51}},"17":{"start":{"line":19,"column":11},"end":{"line":26,"column":5}},"18":{"start":{"line":20,"column":23},"end":{"line":20,"column":84}},"19":{"start":{"line":20,"column":57},"end":{"line":20,"column":83}},"20":{"start":{"line":21,"column":21},"end":{"line":21,"column":103}},"21":{"start":{"line":21,"column":45},"end":{"line":21,"column":102}},"22":{"start":{"line":22,"column":6},"end":{"line":22,"column":52}},"23":{"start":{"line":22,"column":34},"end":{"line":22,"column":51}},"24":{"start":{"line":24,"column":21},"end":{"line":24,"column":111}},"25":{"start":{"line":24,"column":53},"end":{"line":24,"column":110}},"26":{"start":{"line":25,"column":6},"end":{"line":25,"column":52}},"27":{"start":{"line":25,"column":34},"end":{"line":25,"column":51}},"28":{"start":{"line":30,"column":4},"end":{"line":33,"column":48}},"29":{"start":{"line":37,"column":0},"end":{"line":37,"column":27}}},"fnMap":{"0":{"name":"(anonymous_0)","decl":{"start":{"line":4,"column":2},"end":{"line":4,"column":3}},"loc":{"start":{"line":4,"column":67},"end":{"line":8,"column":3}},"line":4},"1":{"name":"(anonymous_1)","decl":{"start":{"line":10,"column":2},"end":{"line":10,"column":3}},"loc":{"start":{"line":10,"column":45},"end":{"line":27,"column":3}},"line":10},"2":{"name":"(anonymous_2)","decl":{"start":{"line":12,"column":47},"end":{"line":12,"column":48}},"loc":{"start":{"line":12,"column":57},"end":{"line":12,"column":107}},"line":12},"3":{"name":"(anonymous_3)","decl":{"start":{"line":13,"column":35},"end":{"line":13,"column":36}},"loc":{"start":{"line":13,"column":45},"end":{"line":13,"column":102}},"line":13},"4":{"name":"(anonymous_4)","decl":{"start":{"line":14,"column":24},"end":{"line":14,"column":25}},"loc":{"start":{"line":14,"column":34},"end":{"line":14,"column":51}},"line":14},"5":{"name":"(anonymous_5)","decl":{"start":{"line":16,"column":47},"end":{"line":16,"column":48}},"loc":{"start":{"line":16,"column":57},"end":{"line":16,"column":77}},"line":16},"6":{"name":"(anonymous_6)","decl":{"start":{"line":17,"column":35},"end":{"line":17,"column":36}},"loc":{"start":{"line":17,"column":45},"end":{"line":17,"column":102}},"line":17},"7":{"name":"(anonymous_7)","decl":{"start":{"line":18,"column":24},"end":{"line":18,"column":25}},"loc":{"start":{"line":18,"column":34},"end":{"line":18,"column":51}},"line":18},"8":{"name":"(anonymous_8)","decl":{"start":{"line":20,"column":47},"end":{"line":20,"column":48}},"loc":{"start":{"line":20,"column":57},"end":{"line":20,"column":83}},"line":20},"9":{"name":"(anonymous_9)","decl":{"start":{"line":21,"column":35},"end":{"line":21,"column":36}},"loc":{"start":{"line":21,"column":45},"end":{"line":21,"column":102}},"line":21},"10":{"name":"(anonymous_10)","decl":{"start":{"line":22,"column":24},"end":{"line":22,"column":25}},"loc":{"start":{"line":22,"column":34},"end":{"line":22,"column":51}},"line":22},"11":{"name":"(anonymous_11)","decl":{"start":{"line":24,"column":43},"end":{"line":24,"column":44}},"loc":{"start":{"line":24,"column":53},"end":{"line":24,"column":110}},"line":24},"12":{"name":"(anonymous_12)","decl":{"start":{"line":25,"column":24},"end":{"line":25,"column":25}},"loc":{"start":{"line":25,"column":34},"end":{"line":25,"column":51}},"line":25},"13":{"name":"(anonymous_13)","decl":{"start":{"line":29,"column":2},"end":{"line":29,"column":3}},"loc":{"start":{"line":29,"column":14},"end":{"line":34,"column":3}},"line":29}},"branchMap":{"0":{"loc":{"start":{"line":10,"column":16},"end":{"line":10,"column":27}},"type":"default-arg","locations":[{"start":{"line":10,"column":23},"end":{"line":10,"column":27}}],"line":10},"1":{"loc":{"start":{"line":10,"column":29},"end":{"line":10,"column":43}},"type":"default-arg","locations":[{"start":{"line":10,"column":39},"end":{"line":10,"column":43}}],"line":10},"2":{"loc":{"start":{"line":11,"column":4},"end":{"line":26,"column":5}},"type":"if","locations":[{"start":{"line":11,"column":4},"end":{"line":26,"column":5}},{"start":{"line":15,"column":11},"end":{"line":26,"column":5}}],"line":11},"3":{"loc":{"start":{"line":11,"column":8},"end":{"line":11,"column":41}},"type":"binary-expr","locations":[{"start":{"line":11,"column":8},"end":{"line":11,"column":21}},{"start":{"line":11,"column":25},"end":{"line":11,"column":41}}],"line":11},"4":{"loc":{"start":{"line":12,"column":57},"end":{"line":12,"column":107}},"type":"binary-expr","locations":[{"start":{"line":12,"column":57},"end":{"line":12,"column":77}},{"start":{"line":12,"column":81},"end":{"line":12,"column":107}}],"line":12},"5":{"loc":{"start":{"line":15,"column":11},"end":{"line":26,"column":5}},"type":"if","locations":[{"start":{"line":15,"column":11},"end":{"line":26,"column":5}},{"start":{"line":19,"column":11},"end":{"line":26,"column":5}}],"line":15},"6":{"loc":{"start":{"line":19,"column":11},"end":{"line":26,"column":5}},"type":"if","locations":[{"start":{"line":19,"column":11},"end":{"line":26,"column":5}},{"start":{"line":23,"column":11},"end":{"line":26,"column":5}}],"line":19}},"s":{"0":5,"1":38,"2":38,"3":6,"4":2,"5":3,"6":2,"7":0,"8":2,"9":1,"10":4,"11":1,"12":2,"13":1,"14":0,"15":1,"16":1,"17":3,"18":1,"19":2,"20":1,"21":0,"22":1,"23":1,"24":2,"25":1,"26":2,"27":3,"28":1,"29":5},"f":{"0":38,"1":6,"2":3,"3":0,"4":1,"5":2,"6":0,"7":1,"8":2,"9":0,"10":1,"11":1,"12":3,"13":1},"b":{"0":[2],"1":[3],"2":[2,4],"3":[6,3],"4":[3,2],"5":[1,3],"6":[1,2]},"_coverageSchema":"1a1c01bbd47fc00a2c39e90264f33305004495a9","hash":"d36312e8be55f7392c08a7f0b2d1676fe4019290"}
,"/Users/gabbypierce/unitTestingA/src/person.js": {"path":"/Users/gabbypierce/unitTestingA/src/person.js","statementMap":{"0":{"start":{"line":3,"column":4},"end":{"line":3,"column":28}},"1":{"start":{"line":4,"column":4},"end":{"line":4,"column":30}},"2":{"start":{"line":5,"column":4},"end":{"line":5,"column":24}},"3":{"start":{"line":6,"column":4},"end":{"line":6,"column":44}},"4":{"start":{"line":7,"column":4},"end":{"line":7,"column":28}},"5":{"start":{"line":8,"column":4},"end":{"line":8,"column":34}},"6":{"start":{"line":12,"column":4},"end":{"line":12,"column":51}},"7":{"start":{"line":16,"column":4},"end":{"line":20,"column":54}},"8":{"start":{"line":24,"column":0},"end":{"line":24,"column":23}}},"fnMap":{"0":{"name":"(anonymous_0)","decl":{"start":{"line":2,"column":2},"end":{"line":2,"column":3}},"loc":{"start":{"line":2,"column":80},"end":{"line":9,"column":3}},"line":2},"1":{"name":"(anonymous_1)","decl":{"start":{"line":11,"column":2},"end":{"line":11,"column":3}},"loc":{"start":{"line":11,"column":15},"end":{"line":13,"column":3}},"line":11},"2":{"name":"(anonymous_2)","decl":{"start":{"line":15,"column":2},"end":{"line":15,"column":3}},"loc":{"start":{"line":15,"column":14},"end":{"line":21,"column":3}},"line":15}},"branchMap":{},"s":{"0":72,"1":72,"2":72,"3":72,"4":72,"5":72,"6":4,"7":1,"8":5},"f":{"0":72,"1":4,"2":1},"b":{},"_coverageSchema":"1a1c01bbd47fc00a2c39e90264f33305004495a9","hash":"09bc6ecc50865e635fd33f8ab0060ebcd369c4b9"}
,"/Users/gabbypierce/unitTestingA/src/student.js": {"path":"/Users/gabbypierce/unitTestingA/src/student.js","statementMap":{"0":{"start":{"line":1,"column":15},"end":{"line":1,"column":37}},"1":{"start":{"line":5,"column":4},"end":{"line":5,"column":72}},"2":{"start":{"line":6,"column":4},"end":{"line":6,"column":24}},"3":{"start":{"line":7,"column":4},"end":{"line":7,"column":24}},"4":{"start":{"line":11,"column":20},"end":{"line":19,"column":8}},"5":{"start":{"line":13,"column":40},"end":{"line":13,"column":52}},"6":{"start":{"line":14,"column":40},"end":{"line":14,"column":52}},"7":{"start":{"line":16,"column":31},"end":{"line":16,"column":64}},"8":{"start":{"line":17,"column":8},"end":{"line":17,"column":56}},"9":{"start":{"line":17,"column":34},"end":{"line":17,"column":56}},"10":{"start":{"line":18,"column":8},"end":{"line":18,"column":55}},"11":{"start":{"line":21,"column":4},"end":{"line":21,"column":19}},"12":{"start":{"line":25,"column":16},"end":{"line":25,"column":17}},"13":{"start":{"line":26,"column":4},"end":{"line":28,"column":5}},"14":{"start":{"line":27,"column":6},"end":{"line":27,"column":31}},"15":{"start":{"line":29,"column":4},"end":{"line":29,"column":16}},"16":{"start":{"line":33,"column":17},"end":{"line":33,"column":18}},"17":{"start":{"line":34,"column":20},"end":{"line":34,"column":21}},"18":{"start":{"line":36,"column":23},"end":{"line":50,"column":5}},"19":{"start":{"line":52,"column":4},"end":{"line":58,"column":5}},"20":{"start":{"line":53,"column":20},"end":{"line":53,"column":37}},"21":{"start":{"line":54,"column":6},"end":{"line":57,"column":7}},"22":{"start":{"line":55,"column":8},"end":{"line":55,"column":55}},"23":{"start":{"line":56,"column":8},"end":{"line":56,"column":38}},"24":{"start":{"line":60,"column":4},"end":{"line":60,"column":52}},"25":{"start":{"line":64,"column":4},"end":{"line":70,"column":46}},"26":{"start":{"line":74,"column":0},"end":{"line":74,"column":24}}},"fnMap":{"0":{"name":"(anonymous_0)","decl":{"start":{"line":4,"column":2},"end":{"line":4,"column":3}},"loc":{"start":{"line":4,"column":67},"end":{"line":8,"column":3}},"line":4},"1":{"name":"(anonymous_1)","decl":{"start":{"line":10,"column":2},"end":{"line":10,"column":3}},"loc":{"start":{"line":10,"column":18},"end":{"line":22,"column":3}},"line":10},"2":{"name":"(anonymous_2)","decl":{"start":{"line":12,"column":12},"end":{"line":12,"column":13}},"loc":{"start":{"line":12,"column":22},"end":{"line":19,"column":7}},"line":12},"3":{"name":"(anonymous_3)","decl":{"start":{"line":24,"column":2},"end":{"line":24,"column":3}},"loc":{"start":{"line":24,"column":17},"end":{"line":30,"column":3}},"line":24},"4":{"name":"(anonymous_4)","decl":{"start":{"line":32,"column":2},"end":{"line":32,"column":3}},"loc":{"start":{"line":32,"column":13},"end":{"line":61,"column":3}},"line":32},"5":{"name":"(anonymous_5)","decl":{"start":{"line":63,"column":2},"end":{"line":63,"column":3}},"loc":{"start":{"line":63,"column":14},"end":{"line":71,"column":3}},"line":63}},"branchMap":{"0":{"loc":{"start":{"line":17,"column":8},"end":{"line":17,"column":56}},"type":"if","locations":[{"start":{"line":17,"column":8},"end":{"line":17,"column":56}},{"start":{},"end":{}}],"line":17},"1":{"loc":{"start":{"line":54,"column":6},"end":{"line":57,"column":7}},"type":"if","locations":[{"start":{"line":54,"column":6},"end":{"line":57,"column":7}},{"start":{},"end":{}}],"line":54},"2":{"loc":{"start":{"line":54,"column":10},"end":{"line":54,"column":58}},"type":"binary-expr","locations":[{"start":{"line":54,"column":10},"end":{"line":54,"column":35}},{"start":{"line":54,"column":39},"end":{"line":54,"column":58}}],"line":54},"3":{"loc":{"start":{"line":60,"column":11},"end":{"line":60,"column":51}},"type":"cond-expr","locations":[{"start":{"line":60,"column":29},"end":{"line":60,"column":30}},{"start":{"line":60,"column":33},"end":{"line":60,"column":51}}],"line":60}},"s":{"0":5,"1":30,"2":30,"3":30,"4":2,"5":1,"6":1,"7":1,"8":1,"9":1,"10":0,"11":2,"12":5,"13":5,"14":2,"15":5,"16":10,"17":10,"18":10,"19":10,"20":15,"21":15,"22":10,"23":10,"24":10,"25":3,"26":5},"f":{"0":30,"1":2,"2":1,"3":5,"4":10,"5":3},"b":{"0":[1,0],"1":[10,5],"2":[15,12],"3":[7,3]},"_coverageSchema":"1a1c01bbd47fc00a2c39e90264f33305004495a9","hash":"9c81405decf7f0b51a0d855f37e822bed9bc6d9c"}
}
