TN:
SF:src/course-offering.js
FN:4,(anonymous_0)
FN:14,(anonymous_1)
FN:21,(anonymous_2)
FN:25,(anonymous_3)
FN:42,(anonymous_4)
FN:50,(anonymous_5)
FNF:6
FNH:6
FNDA:44,(anonymous_0)
FNDA:17,(anonymous_1)
FNDA:1,(anonymous_2)
FNDA:14,(anonymous_3)
FNDA:18,(anonymous_4)
FNDA:20,(anonymous_5)
DA:1,5
DA:5,44
DA:6,44
DA:7,44
DA:8,44
DA:9,44
DA:10,44
DA:11,44
DA:15,17
DA:16,18
DA:17,18
DA:22,1
DA:26,14
DA:27,14
DA:29,8
DA:30,8
DA:31,8
DA:36,6
DA:43,18
DA:44,16
DA:46,2
DA:51,20
DA:52,2
DA:54,18
DA:60,5
LF:25
LH:25
BRDA:27,0,0,8
BRDA:27,0,1,6
BRDA:27,1,0,14
BRDA:27,1,1,10
BRDA:43,2,0,16
BRDA:43,2,1,2
BRDA:51,3,0,2
BRDA:51,3,1,18
BRF:8
BRH:8
end_of_record
TN:
SF:src/course.js
FN:2,(anonymous_0)
FN:9,(anonymous_1)
FNF:2
FNH:2
FNDA:50,(anonymous_0)
FNDA:5,(anonymous_1)
DA:3,50
DA:4,50
DA:5,50
DA:6,50
DA:11,5
DA:15,6
LF:6
LH:6
BRF:0
BRH:0
end_of_record
TN:
SF:src/institution.js
FN:7,(anonymous_0)
FN:16,(anonymous_1)
FN:18,(anonymous_2)
FN:20,(anonymous_3)
FN:24,(anonymous_4)
FN:36,(anonymous_5)
FN:59,(anonymous_6)
FN:61,(anonymous_7)
FN:63,(anonymous_8)
FN:67,(anonymous_9)
FN:79,(anonymous_10)
FN:108,(anonymous_11)
FN:116,(anonymous_12)
FN:122,(anonymous_13)
FN:127,(anonymous_14)
FN:131,(anonymous_15)
FN:137,(anonymous_16)
FN:157,(anonymous_17)
FN:169,(anonymous_18)
FNF:19
FNH:16
FNDA:52,(anonymous_0)
FNDA:1,(anonymous_1)
FNDA:2,(anonymous_2)
FNDA:2,(anonymous_3)
FNDA:6,(anonymous_4)
FNDA:3,(anonymous_5)
FNDA:1,(anonymous_6)
FNDA:2,(anonymous_7)
FNDA:2,(anonymous_8)
FNDA:8,(anonymous_9)
FNDA:4,(anonymous_10)
FNDA:1,(anonymous_11)
FNDA:2,(anonymous_12)
FNDA:0,(anonymous_13)
FNDA:0,(anonymous_14)
FNDA:0,(anonymous_15)
FNDA:1,(anonymous_16)
FNDA:12,(anonymous_17)
FNDA:7,(anonymous_18)
DA:1,5
DA:2,5
DA:3,5
DA:4,5
DA:8,52
DA:9,52
DA:10,52
DA:11,52
DA:12,52
DA:13,52
DA:17,1
DA:18,2
DA:19,1
DA:20,2
DA:21,1
DA:25,6
DA:26,5
DA:27,0
DA:29,5
DA:32,1
DA:37,3
DA:38,3
DA:40,3
DA:41,3
DA:48,3
DA:49,3
DA:50,1
DA:52,2
DA:60,1
DA:61,2
DA:62,1
DA:63,2
DA:64,1
DA:68,8
DA:69,7
DA:70,1
DA:72,6
DA:75,1
DA:80,4
DA:81,4
DA:82,2
DA:83,2
DA:86,2
DA:87,2
DA:94,2
DA:95,1
DA:97,1
DA:98,1
DA:99,1
DA:101,2
DA:105,0
DA:109,1
DA:110,1
DA:111,2
DA:113,1
DA:117,2
DA:119,2
DA:121,2
DA:122,0
DA:123,0
DA:127,0
DA:130,2
DA:131,0
DA:133,2
DA:138,1
DA:139,1
DA:141,1
DA:142,1
DA:149,1
DA:150,1
DA:151,1
DA:158,12
DA:159,11
DA:160,2
DA:162,9
DA:165,1
DA:170,7
DA:171,6
DA:172,5
DA:174,5
DA:176,1
DA:179,1
DA:184,5
LF:83
LH:77
BRDA:25,0,0,5
BRDA:25,0,1,1
BRDA:26,1,0,0
BRDA:26,1,1,5
BRDA:38,2,0,0
BRDA:38,2,1,3
BRDA:41,3,0,3
BRDA:41,3,1,0
BRDA:42,4,0,3
BRDA:42,4,1,3
BRDA:42,4,2,3
BRDA:42,4,3,3
BRDA:42,4,4,3
BRDA:48,5,0,3
BRDA:48,5,1,0
BRDA:49,6,0,1
BRDA:49,6,1,2
BRDA:68,7,0,7
BRDA:68,7,1,1
BRDA:69,8,0,1
BRDA:69,8,1,6
BRDA:81,9,0,2
BRDA:81,9,1,2
BRDA:87,10,0,2
BRDA:87,10,1,0
BRDA:88,11,0,2
BRDA:88,11,1,2
BRDA:88,11,2,2
BRDA:88,11,3,2
BRDA:88,11,4,2
BRDA:94,12,0,1
BRDA:94,12,1,1
BRDA:116,13,0,1
BRDA:119,14,0,1
BRDA:119,14,1,1
BRDA:123,15,0,0
BRDA:123,15,1,0
BRDA:123,15,2,0
BRDA:123,15,3,0
BRDA:130,16,0,0
BRDA:130,16,1,2
BRDA:139,17,0,0
BRDA:139,17,1,1
BRDA:142,18,0,1
BRDA:142,18,1,0
BRDA:143,19,0,1
BRDA:143,19,1,1
BRDA:143,19,2,1
BRDA:143,19,3,1
BRDA:143,19,4,1
BRDA:158,20,0,11
BRDA:158,20,1,1
BRDA:159,21,0,2
BRDA:159,21,1,9
BRDA:170,22,0,6
BRDA:170,22,1,1
BRDA:171,23,0,5
BRDA:171,23,1,1
BRDA:173,24,0,5
BRDA:173,24,1,5
BRF:60
BRH:48
end_of_record
TN:
SF:src/instructor.js
FN:4,(anonymous_0)
FN:10,(anonymous_1)
FN:12,(anonymous_2)
FN:13,(anonymous_3)
FN:14,(anonymous_4)
FN:16,(anonymous_5)
FN:17,(anonymous_6)
FN:18,(anonymous_7)
FN:20,(anonymous_8)
FN:21,(anonymous_9)
FN:22,(anonymous_10)
FN:24,(anonymous_11)
FN:25,(anonymous_12)
FN:29,(anonymous_13)
FNF:14
FNH:11
FNDA:38,(anonymous_0)
FNDA:6,(anonymous_1)
FNDA:3,(anonymous_2)
FNDA:0,(anonymous_3)
FNDA:1,(anonymous_4)
FNDA:2,(anonymous_5)
FNDA:0,(anonymous_6)
FNDA:1,(anonymous_7)
FNDA:2,(anonymous_8)
FNDA:0,(anonymous_9)
FNDA:1,(anonymous_10)
FNDA:1,(anonymous_11)
FNDA:3,(anonymous_12)
FNDA:1,(anonymous_13)
DA:1,5
DA:5,38
DA:7,38
DA:11,6
DA:12,3
DA:13,2
DA:14,2
DA:15,4
DA:16,2
DA:17,1
DA:18,1
DA:19,3
DA:20,2
DA:21,1
DA:22,1
DA:24,2
DA:25,3
DA:30,1
DA:37,5
LF:19
LH:19
BRDA:10,0,0,2
BRDA:10,1,0,3
BRDA:11,2,0,2
BRDA:11,2,1,4
BRDA:11,3,0,6
BRDA:11,3,1,3
BRDA:12,4,0,3
BRDA:12,4,1,2
BRDA:15,5,0,1
BRDA:15,5,1,3
BRDA:19,6,0,1
BRDA:19,6,1,2
BRF:12
BRH:12
end_of_record
TN:
SF:src/person.js
FN:2,(anonymous_0)
FN:11,(anonymous_1)
FN:15,(anonymous_2)
FNF:3
FNH:3
FNDA:72,(anonymous_0)
FNDA:4,(anonymous_1)
FNDA:1,(anonymous_2)
DA:3,72
DA:4,72
DA:5,72
DA:6,72
DA:7,72
DA:8,72
DA:12,4
DA:16,1
DA:24,5
LF:9
LH:9
BRF:0
BRH:0
end_of_record
TN:
SF:src/student.js
FN:4,(anonymous_0)
FN:10,(anonymous_1)
FN:12,(anonymous_2)
FN:24,(anonymous_3)
FN:32,(anonymous_4)
FN:63,(anonymous_5)
FNF:6
FNH:6
FNDA:30,(anonymous_0)
FNDA:2,(anonymous_1)
FNDA:1,(anonymous_2)
FNDA:5,(anonymous_3)
FNDA:10,(anonymous_4)
FNDA:3,(anonymous_5)
DA:1,5
DA:5,30
DA:6,30
DA:7,30
DA:11,2
DA:13,1
DA:14,1
DA:16,1
DA:17,1
DA:18,0
DA:21,2
DA:25,5
DA:26,5
DA:27,2
DA:29,5
DA:33,10
DA:34,10
DA:36,10
DA:52,10
DA:53,15
DA:54,15
DA:55,10
DA:56,10
DA:60,10
DA:64,3
DA:74,5
LF:26
LH:25
BRDA:17,0,0,1
BRDA:17,0,1,0
BRDA:54,1,0,10
BRDA:54,1,1,5
BRDA:54,2,0,15
BRDA:54,2,1,12
BRDA:60,3,0,7
BRDA:60,3,1,3
BRF:8
BRH:7
end_of_record
